2016-11-21 18:25:39 INFO  MainApplication:369 - MainApplication.generateUniqueComputerName()..
2016-11-21 18:25:39 INFO  MainApplication:160 - execute.mouseListener..
2016-11-21 18:25:39 INFO  MainApplication:168 - execute.applicationsTracker..
2016-11-21 18:25:39 INFO  LinuxOSType:308 - Executing commands script:/home/admin/google_drive/Birou/workspace/time_tracker/Application/scripts/get_active_application.sh
2016-11-21 18:25:39 INFO  MainApplication:177 - execute.userInteractionService..
2016-11-21 18:25:39 INFO  LinuxOSType:308 - Executing commands script:/home/admin/google_drive/Birou/workspace/time_tracker/Application/scripts/get_user_interaction_idle_time.sh
2016-11-21 18:25:42 INFO  LinuxOSType:308 - Executing commands script:/home/admin/google_drive/Birou/workspace/time_tracker/Application/scripts/get_user_interaction_idle_time.sh
2016-11-21 18:25:42 INFO  LinuxOSType:308 - Executing commands script:/home/admin/google_drive/Birou/workspace/time_tracker/Application/scripts/get_active_application.sh
2016-11-21 18:25:45 INFO  LinuxOSType:308 - Executing commands script:/home/admin/google_drive/Birou/workspace/time_tracker/Application/scripts/get_user_interaction_idle_time.sh
2016-11-21 18:25:45 INFO  LinuxOSType:308 - Executing commands script:/home/admin/google_drive/Birou/workspace/time_tracker/Application/scripts/get_active_application.sh
2016-11-21 18:25:48 INFO  LinuxOSType:308 - Executing commands script:/home/admin/google_drive/Birou/workspace/time_tracker/Application/scripts/get_user_interaction_idle_time.sh
2016-11-21 18:25:48 INFO  LinuxOSType:308 - Executing commands script:/home/admin/google_drive/Birou/workspace/time_tracker/Application/scripts/get_active_application.sh
2016-11-21 18:25:51 INFO  LinuxOSType:308 - Executing commands script:/home/admin/google_drive/Birou/workspace/time_tracker/Application/scripts/get_user_interaction_idle_time.sh
2016-11-21 18:25:51 INFO  LinuxOSType:308 - Executing commands script:/home/admin/google_drive/Birou/workspace/time_tracker/Application/scripts/get_active_application.sh
2016-11-21 18:25:54 INFO  LinuxOSType:308 - Executing commands script:/home/admin/google_drive/Birou/workspace/time_tracker/Application/scripts/get_user_interaction_idle_time.sh
2016-11-21 18:25:54 INFO  LinuxOSType:308 - Executing commands script:/home/admin/google_drive/Birou/workspace/time_tracker/Application/scripts/get_active_application.sh
2016-11-21 18:25:57 INFO  LinuxOSType:308 - Executing commands script:/home/admin/google_drive/Birou/workspace/time_tracker/Application/scripts/get_user_interaction_idle_time.sh
2016-11-21 18:25:57 INFO  LinuxOSType:308 - Executing commands script:/home/admin/google_drive/Birou/workspace/time_tracker/Application/scripts/get_active_application.sh
2016-11-21 18:26:22 INFO  MainApplication:369 - MainApplication.generateUniqueComputerName()..
2016-11-21 18:26:22 INFO  MainApplication:151 - execute.keyLogger..
2016-11-21 18:26:22 INFO  MainApplication:160 - execute.mouseListener..
2016-11-21 18:26:22 INFO  MainApplication:168 - execute.applicationsTracker..
2016-11-21 18:26:22 INFO  LinuxOSType:308 - Executing commands script:/home/admin/google_drive/Birou/workspace/time_tracker/Application/scripts/get_active_application.sh
2016-11-21 18:26:22 INFO  MainApplication:177 - execute.userInteractionService..
2016-11-21 18:26:22 INFO  LinuxOSType:308 - Executing commands script:/home/admin/google_drive/Birou/workspace/time_tracker/Application/scripts/get_user_interaction_idle_time.sh
2016-11-21 18:26:25 INFO  LinuxOSType:308 - Executing commands script:/home/admin/google_drive/Birou/workspace/time_tracker/Application/scripts/get_user_interaction_idle_time.sh
2016-11-21 18:26:25 INFO  LinuxOSType:308 - Executing commands script:/home/admin/google_drive/Birou/workspace/time_tracker/Application/scripts/get_active_application.sh
2016-11-21 18:26:28 INFO  LinuxOSType:308 - Executing commands script:/home/admin/google_drive/Birou/workspace/time_tracker/Application/scripts/get_user_interaction_idle_time.sh
2016-11-21 18:26:28 INFO  LinuxOSType:308 - Executing commands script:/home/admin/google_drive/Birou/workspace/time_tracker/Application/scripts/get_active_application.sh
2016-11-21 18:26:31 INFO  LinuxOSType:308 - Executing commands script:/home/admin/google_drive/Birou/workspace/time_tracker/Application/scripts/get_user_interaction_idle_time.sh
2016-11-21 18:26:31 INFO  LinuxOSType:308 - Executing commands script:/home/admin/google_drive/Birou/workspace/time_tracker/Application/scripts/get_active_application.sh
2016-11-21 18:26:34 INFO  LinuxOSType:308 - Executing commands script:/home/admin/google_drive/Birou/workspace/time_tracker/Application/scripts/get_user_interaction_idle_time.sh
2016-11-21 18:26:34 INFO  LinuxOSType:308 - Executing commands script:/home/admin/google_drive/Birou/workspace/time_tracker/Application/scripts/get_active_application.sh
2016-11-21 18:26:37 INFO  LinuxOSType:308 - Executing commands script:/home/admin/google_drive/Birou/workspace/time_tracker/Application/scripts/get_user_interaction_idle_time.sh
2016-11-21 18:26:38 INFO  LinuxOSType:308 - Executing commands script:/home/admin/google_drive/Birou/workspace/time_tracker/Application/scripts/get_active_application.sh
2016-11-21 18:26:40 INFO  LinuxOSType:308 - Executing commands script:/home/admin/google_drive/Birou/workspace/time_tracker/Application/scripts/get_user_interaction_idle_time.sh
2016-11-21 18:26:41 INFO  LinuxOSType:308 - Executing commands script:/home/admin/google_drive/Birou/workspace/time_tracker/Application/scripts/get_active_application.sh
