2016-11-22 14:22:58 INFO  MainApplication:205 - MainApplication.generateUniqueComputerName()..
2016-11-22 14:22:58 INFO  MainApplication:173 - execute.applicationsTracker..
2016-11-22 14:22:58 INFO  LinuxOSType:308 - Executing commands script:/home/admin/google_drive/Birou/workspace/time_tracker_linux/time_tracker/Application/scripts/get_active_application.sh
2016-11-22 14:22:58 INFO  MainApplication:182 - execute.userInteractionService..
2016-11-22 14:22:58 INFO  LinuxOSType:308 - Executing commands script:/home/admin/google_drive/Birou/workspace/time_tracker_linux/time_tracker/Application/scripts/get_user_interaction_idle_time.sh
2016-11-22 14:22:58 INFO  MainApplication:165 - execute.screenshotManager..
2016-11-22 14:23:01 INFO  LinuxOSType:308 - Executing commands script:/home/admin/google_drive/Birou/workspace/time_tracker_linux/time_tracker/Application/scripts/get_user_interaction_idle_time.sh
2016-11-22 14:23:01 INFO  LinuxOSType:308 - Executing commands script:/home/admin/google_drive/Birou/workspace/time_tracker_linux/time_tracker/Application/scripts/get_active_application.sh
2016-11-22 14:23:04 INFO  LinuxOSType:308 - Executing commands script:/home/admin/google_drive/Birou/workspace/time_tracker_linux/time_tracker/Application/scripts/get_user_interaction_idle_time.sh
2016-11-22 14:23:04 INFO  LinuxOSType:308 - Executing commands script:/home/admin/google_drive/Birou/workspace/time_tracker_linux/time_tracker/Application/scripts/get_active_application.sh
2016-11-22 14:23:07 INFO  LinuxOSType:308 - Executing commands script:/home/admin/google_drive/Birou/workspace/time_tracker_linux/time_tracker/Application/scripts/get_user_interaction_idle_time.sh
2016-11-22 14:23:07 INFO  LinuxOSType:308 - Executing commands script:/home/admin/google_drive/Birou/workspace/time_tracker_linux/time_tracker/Application/scripts/get_active_application.sh
2016-11-22 14:23:10 INFO  LinuxOSType:308 - Executing commands script:/home/admin/google_drive/Birou/workspace/time_tracker_linux/time_tracker/Application/scripts/get_user_interaction_idle_time.sh
2016-11-22 14:23:10 INFO  LinuxOSType:308 - Executing commands script:/home/admin/google_drive/Birou/workspace/time_tracker_linux/time_tracker/Application/scripts/get_active_application.sh
2016-11-22 14:23:13 INFO  LinuxOSType:308 - Executing commands script:/home/admin/google_drive/Birou/workspace/time_tracker_linux/time_tracker/Application/scripts/get_user_interaction_idle_time.sh
2016-11-22 14:23:13 INFO  LinuxOSType:308 - Executing commands script:/home/admin/google_drive/Birou/workspace/time_tracker_linux/time_tracker/Application/scripts/get_active_application.sh
2016-11-22 14:23:16 INFO  LinuxOSType:308 - Executing commands script:/home/admin/google_drive/Birou/workspace/time_tracker_linux/time_tracker/Application/scripts/get_user_interaction_idle_time.sh
2016-11-22 14:23:17 INFO  LinuxOSType:308 - Executing commands script:/home/admin/google_drive/Birou/workspace/time_tracker_linux/time_tracker/Application/scripts/get_active_application.sh
2016-11-22 14:23:19 INFO  LinuxOSType:308 - Executing commands script:/home/admin/google_drive/Birou/workspace/time_tracker_linux/time_tracker/Application/scripts/get_user_interaction_idle_time.sh
2016-11-22 14:23:20 INFO  LinuxOSType:308 - Executing commands script:/home/admin/google_drive/Birou/workspace/time_tracker_linux/time_tracker/Application/scripts/get_active_application.sh
2016-11-22 14:23:22 INFO  LinuxOSType:308 - Executing commands script:/home/admin/google_drive/Birou/workspace/time_tracker_linux/time_tracker/Application/scripts/get_user_interaction_idle_time.sh
2016-11-22 14:23:23 INFO  LinuxOSType:308 - Executing commands script:/home/admin/google_drive/Birou/workspace/time_tracker_linux/time_tracker/Application/scripts/get_active_application.sh
2016-11-22 14:23:25 INFO  LinuxOSType:308 - Executing commands script:/home/admin/google_drive/Birou/workspace/time_tracker_linux/time_tracker/Application/scripts/get_user_interaction_idle_time.sh
2016-11-22 14:23:26 INFO  LinuxOSType:308 - Executing commands script:/home/admin/google_drive/Birou/workspace/time_tracker_linux/time_tracker/Application/scripts/get_active_application.sh
2016-11-22 14:23:28 INFO  LinuxOSType:308 - Executing commands script:/home/admin/google_drive/Birou/workspace/time_tracker_linux/time_tracker/Application/scripts/get_user_interaction_idle_time.sh
2016-11-22 14:23:29 INFO  LinuxOSType:308 - Executing commands script:/home/admin/google_drive/Birou/workspace/time_tracker_linux/time_tracker/Application/scripts/get_active_application.sh
